07:57:49.740 INFO [GridLauncherV3.parse] - Selenium server version: 3.141.59, revision: e82be7d358
07:57:49.811 INFO [GridLauncherV3.lambda$buildLaunchers$3] - Launching a standalone Selenium Server on port 4444
2021-02-01 07:57:49.850:INFO::main: Logging initialized @304ms to org.seleniumhq.jetty9.util.log.StdErrLog
07:57:50.029 INFO [WebDriverServlet.<init>] - Initialising WebDriverServlet
07:57:50.152 INFO [SeleniumServer.boot] - Selenium Server is up and running on port 4444
07:57:50.739 INFO [ActiveSessionFactory.apply] - Capabilities are: {
  "browserName": "chrome",
  "chromeOptions": {
    "args": [
      "disable-web-security",
      "ignore-certificate-errors",
      "--test-type"
    ]
  },
  "name": "Task"
}
07:57:50.740 INFO [ActiveSessionFactory.lambda$apply$11] - Matched factory org.openqa.selenium.grid.session.remote.ServicedSession$Factory (provider: org.openqa.selenium.chrome.ChromeDriverService)
Starting ChromeDriver 88.0.4324.96 (68dba2d8a0b149a1d3afac56fa74648032bcf46b-refs/branch-heads/4324@{#1784}) on port 48432
Only local connections are allowed.
Please see https://chromedriver.chromium.org/security-considerations for suggestions on keeping ChromeDriver safe.
ChromeDriver was started successfully.
07:57:53.010 INFO [ProtocolHandshake.createSession] - Detected dialect: W3C
07:57:53.132 INFO [RemoteSession$Factory.lambda$performHandshake$0] - Started new session eae26908d6e733243fa2684e5ac9578e (org.openqa.selenium.chrome.ChromeDriverService)
07:58:11.584 INFO [ActiveSessions$1.onStop] - Removing session eae26908d6e733243fa2684e5ac9578e (org.openqa.selenium.chrome.ChromeDriverService)
